Producing dataset...
Eval batch size of 16
Total number of tokens: 205
Using []
Args: Namespace(accumulate=1, alpha=2, batch_size=16, beta=1, bptt=1024, clip=0.25, cooldown=None, cuda=True, data='data/enwik8/', dropout=0.1, dropoute=0.1, dropouth=0.1, dropouti=0.1, emsize=1024, epochs=2, log_interval=10, lr=0.002, model='LSTM', nhid=4096, nlayers=4, nonmono=5, optimizer='lamb', resume='', save='ENWIK8.pt', seed=5512, tied=True, warmup=800, wdecay=1.2e-06, wdrop=0.0, when=[-1])
Model total parameters: 53790932
Selected optimization level O1:  Insert automatic casts around Pytorch functions and Tensor methods.

Defaults for this optimization level are:
enabled                : True
opt_level              : O1
cast_model_type        : None
patch_torch_functions  : True
keep_batchnorm_fp32    : None
master_weights         : None
loss_scale             : dynamic
Processing user overrides (additional kwargs that are not None)...
After processing overrides, optimization options are:
enabled                : True
opt_level              : O1
cast_model_type        : None
patch_torch_functions  : True
keep_batchnorm_fp32    : None
master_weights         : None
loss_scale             : dynamic
| epoch   0 |    10/ 5493 batches | lr 0.00003 | ms/batch 692.53 | loss  5.68 | ppl   294.03 | bpc    8.200
| epoch   0 |    20/ 5493 batches | lr 0.00005 | ms/batch 614.51 | loss  4.31 | ppl    74.25 | bpc    6.214
| epoch   0 |    30/ 5493 batches | lr 0.00008 | ms/batch 581.07 | loss  3.66 | ppl    38.97 | bpc    5.284
| epoch   0 |    40/ 5493 batches | lr 0.00010 | ms/batch 576.93 | loss  3.57 | ppl    35.42 | bpc    5.147
| epoch   0 |    50/ 5493 batches | lr 0.00013 | ms/batch 578.32 | loss  3.49 | ppl    32.66 | bpc    5.029
| epoch   0 |    60/ 5493 batches | lr 0.00015 | ms/batch 558.40 | loss  3.41 | ppl    30.28 | bpc    4.920
| epoch   0 |    70/ 5493 batches | lr 0.00018 | ms/batch 586.38 | loss  3.26 | ppl    26.14 | bpc    4.708
| epoch   0 |    80/ 5493 batches | lr 0.00020 | ms/batch 584.44 | loss  3.01 | ppl    20.32 | bpc    4.345
| epoch   0 |    90/ 5493 batches | lr 0.00023 | ms/batch 592.74 | loss  2.90 | ppl    18.13 | bpc    4.180
| epoch   0 |   100/ 5493 batches | lr 0.00025 | ms/batch 620.20 | loss  2.66 | ppl    14.33 | bpc    3.841
| epoch   0 |   110/ 5493 batches | lr 0.00028 | ms/batch 602.71 | loss  2.64 | ppl    13.99 | bpc    3.806
| epoch   0 |   120/ 5493 batches | lr 0.00030 | ms/batch 611.07 | loss  2.53 | ppl    12.54 | bpc    3.649
| epoch   0 |   130/ 5493 batches | lr 0.00033 | ms/batch 577.80 | loss  2.47 | ppl    11.78 | bpc    3.559
| epoch   0 |   140/ 5493 batches | lr 0.00035 | ms/batch 578.67 | loss  2.40 | ppl    11.04 | bpc    3.465
| epoch   0 |   150/ 5493 batches | lr 0.00038 | ms/batch 610.34 | loss  2.26 | ppl     9.62 | bpc    3.266
| epoch   0 |   160/ 5493 batches | lr 0.00040 | ms/batch 648.58 | loss  2.16 | ppl     8.66 | bpc    3.115
| epoch   0 |   170/ 5493 batches | lr 0.00043 | ms/batch 663.90 | loss  2.15 | ppl     8.63 | bpc    3.109
| epoch   0 |   180/ 5493 batches | lr 0.00045 | ms/batch 583.81 | loss  2.14 | ppl     8.52 | bpc    3.090
| epoch   0 |   190/ 5493 batches | lr 0.00048 | ms/batch 567.97 | loss  2.02 | ppl     7.54 | bpc    2.914
| epoch   0 |   200/ 5493 batches | lr 0.00050 | ms/batch 597.79 | loss  2.01 | ppl     7.50 | bpc    2.906
| epoch   0 |   210/ 5493 batches | lr 0.00053 | ms/batch 601.84 | loss  1.97 | ppl     7.14 | bpc    2.836
| epoch   0 |   220/ 5493 batches | lr 0.00055 | ms/batch 519.69 | loss  1.90 | ppl     6.70 | bpc    2.745
| epoch   0 |   230/ 5493 batches | lr 0.00058 | ms/batch 593.67 | loss  1.90 | ppl     6.66 | bpc    2.735
| epoch   0 |   240/ 5493 batches | lr 0.00060 | ms/batch 566.96 | loss  1.91 | ppl     6.73 | bpc    2.750
| epoch   0 |   250/ 5493 batches | lr 0.00063 | ms/batch 596.23 | loss  1.87 | ppl     6.49 | bpc    2.698
| epoch   0 |   260/ 5493 batches | lr 0.00065 | ms/batch 577.56 | loss  1.85 | ppl     6.36 | bpc    2.669
| epoch   0 |   270/ 5493 batches | lr 0.00068 | ms/batch 587.35 | loss  1.79 | ppl     6.02 | bpc    2.589
| epoch   0 |   280/ 5493 batches | lr 0.00070 | ms/batch 594.82 | loss  1.78 | ppl     5.93 | bpc    2.568
| epoch   0 |   290/ 5493 batches | lr 0.00073 | ms/batch 569.96 | loss  1.76 | ppl     5.80 | bpc    2.536
| epoch   0 |   300/ 5493 batches | lr 0.00075 | ms/batch 590.31 | loss  1.72 | ppl     5.58 | bpc    2.481
| epoch   0 |   310/ 5493 batches | lr 0.00078 | ms/batch 599.25 | loss  1.66 | ppl     5.26 | bpc    2.396
| epoch   0 |   320/ 5493 batches | lr 0.00080 | ms/batch 634.54 | loss  1.69 | ppl     5.41 | bpc    2.435
| epoch   0 |   330/ 5493 batches | lr 0.00083 | ms/batch 582.58 | loss  1.63 | ppl     5.12 | bpc    2.357
| epoch   0 |   340/ 5493 batches | lr 0.00085 | ms/batch 657.62 | loss  1.64 | ppl     5.14 | bpc    2.361
| epoch   0 |   350/ 5493 batches | lr 0.00088 | ms/batch 617.62 | loss  1.64 | ppl     5.15 | bpc    2.366
| epoch   0 |   360/ 5493 batches | lr 0.00090 | ms/batch 588.36 | loss  1.62 | ppl     5.07 | bpc    2.343
| epoch   0 |   370/ 5493 batches | lr 0.00093 | ms/batch 617.50 | loss  1.64 | ppl     5.15 | bpc    2.365
| epoch   0 |   380/ 5493 batches | lr 0.00095 | ms/batch 607.79 | loss  1.58 | ppl     4.84 | bpc    2.276
| epoch   0 |   390/ 5493 batches | lr 0.00098 | ms/batch 630.01 | loss  1.56 | ppl     4.76 | bpc    2.250
| epoch   0 |   400/ 5493 batches | lr 0.00100 | ms/batch 602.40 | loss  1.61 | ppl     5.02 | bpc    2.329
| epoch   0 |   410/ 5493 batches | lr 0.00103 | ms/batch 610.50 | loss  1.59 | ppl     4.91 | bpc    2.296
| epoch   0 |   420/ 5493 batches | lr 0.00105 | ms/batch 651.26 | loss  1.56 | ppl     4.74 | bpc    2.244
| epoch   0 |   430/ 5493 batches | lr 0.00108 | ms/batch 666.80 | loss  1.53 | ppl     4.63 | bpc    2.211
| epoch   0 |   440/ 5493 batches | lr 0.00110 | ms/batch 613.71 | loss  1.55 | ppl     4.72 | bpc    2.240
| epoch   0 |   450/ 5493 batches | lr 0.00113 | ms/batch 623.91 | loss  1.51 | ppl     4.54 | bpc    2.183
| epoch   0 |   460/ 5493 batches | lr 0.00115 | ms/batch 617.44 | loss  1.52 | ppl     4.57 | bpc    2.191
| epoch   0 |   470/ 5493 batches | lr 0.00118 | ms/batch 566.11 | loss  1.53 | ppl     4.60 | bpc    2.201
| epoch   0 |   480/ 5493 batches | lr 0.00120 | ms/batch 592.82 | loss  1.54 | ppl     4.64 | bpc    2.215
| epoch   0 |   490/ 5493 batches | lr 0.00123 | ms/batch 569.24 | loss  1.52 | ppl     4.56 | bpc    2.188
| epoch   0 |   500/ 5493 batches | lr 0.00125 | ms/batch 565.07 | loss  1.51 | ppl     4.51 | bpc    2.174
| epoch   0 |   510/ 5493 batches | lr 0.00128 | ms/batch 605.49 | loss  1.49 | ppl     4.46 | bpc    2.157
| epoch   0 |   520/ 5493 batches | lr 0.00130 | ms/batch 619.82 | loss  1.49 | ppl     4.42 | bpc    2.145
| epoch   0 |   530/ 5493 batches | lr 0.00133 | ms/batch 643.01 | loss  1.50 | ppl     4.47 | bpc    2.159
| epoch   0 |   540/ 5493 batches | lr 0.00135 | ms/batch 615.91 | loss  1.47 | ppl     4.35 | bpc    2.120
| epoch   0 |   550/ 5493 batches | lr 0.00138 | ms/batch 603.52 | loss  1.53 | ppl     4.61 | bpc    2.205
| epoch   0 |   560/ 5493 batches | lr 0.00140 | ms/batch 593.87 | loss  1.46 | ppl     4.32 | bpc    2.110
| epoch   0 |   570/ 5493 batches | lr 0.00143 | ms/batch 569.43 | loss  1.44 | ppl     4.22 | bpc    2.077
| epoch   0 |   580/ 5493 batches | lr 0.00145 | ms/batch 563.85 | loss  1.41 | ppl     4.09 | bpc    2.032
| epoch   0 |   590/ 5493 batches | lr 0.00148 | ms/batch 593.11 | loss  1.43 | ppl     4.18 | bpc    2.062
| epoch   0 |   600/ 5493 batches | lr 0.00150 | ms/batch 594.23 | loss  1.40 | ppl     4.05 | bpc    2.018
| epoch   0 |   610/ 5493 batches | lr 0.00153 | ms/batch 604.83 | loss  1.40 | ppl     4.06 | bpc    2.023
| epoch   0 |   620/ 5493 batches | lr 0.00155 | ms/batch 594.16 | loss  1.37 | ppl     3.95 | bpc    1.983
| epoch   0 |   630/ 5493 batches | lr 0.00158 | ms/batch 597.74 | loss  1.45 | ppl     4.26 | bpc    2.090
| epoch   0 |   640/ 5493 batches | lr 0.00160 | ms/batch 594.73 | loss  1.41 | ppl     4.10 | bpc    2.034
| epoch   0 |   650/ 5493 batches | lr 0.00163 | ms/batch 574.60 | loss  1.40 | ppl     4.07 | bpc    2.024
| epoch   0 |   660/ 5493 batches | lr 0.00165 | ms/batch 613.50 | loss  1.37 | ppl     3.95 | bpc    1.983
| epoch   0 |   670/ 5493 batches | lr 0.00168 | ms/batch 634.35 | loss  1.37 | ppl     3.94 | bpc    1.979
| epoch   0 |   680/ 5493 batches | lr 0.00170 | ms/batch 591.35 | loss  1.40 | ppl     4.04 | bpc    2.014
| epoch   0 |   690/ 5493 batches | lr 0.00173 | ms/batch 624.98 | loss  1.40 | ppl     4.05 | bpc    2.017
| epoch   0 |   700/ 5493 batches | lr 0.00175 | ms/batch 607.93 | loss  1.40 | ppl     4.07 | bpc    2.024
| epoch   0 |   710/ 5493 batches | lr 0.00178 | ms/batch 656.62 | loss  1.42 | ppl     4.16 | bpc    2.056
| epoch   0 |   720/ 5493 batches | lr 0.00180 | ms/batch 629.53 | loss  1.36 | ppl     3.90 | bpc    1.964
| epoch   0 |   730/ 5493 batches | lr 0.00183 | ms/batch 579.86 | loss  1.46 | ppl     4.30 | bpc    2.104
| epoch   0 |   740/ 5493 batches | lr 0.00185 | ms/batch 655.84 | loss  1.42 | ppl     4.15 | bpc    2.054
| epoch   0 |   750/ 5493 batches | lr 0.00188 | ms/batch 606.10 | loss  1.38 | ppl     3.98 | bpc    1.992
| epoch   0 |   760/ 5493 batches | lr 0.00190 | ms/batch 608.39 | loss  1.37 | ppl     3.92 | bpc    1.971
| epoch   0 |   770/ 5493 batches | lr 0.00193 | ms/batch 627.63 | loss  1.37 | ppl     3.94 | bpc    1.979
| epoch   0 |   780/ 5493 batches | lr 0.00195 | ms/batch 563.47 | loss  1.42 | ppl     4.14 | bpc    2.048
| epoch   0 |   790/ 5493 batches | lr 0.00198 | ms/batch 620.74 | loss  1.35 | ppl     3.87 | bpc    1.954
| epoch   0 |   800/ 5493 batches | lr 0.00200 | ms/batch 648.03 | loss  1.40 | ppl     4.05 | bpc    2.016
| epoch   0 |   810/ 5493 batches | lr 0.00200 | ms/batch 634.88 | loss  1.34 | ppl     3.82 | bpc    1.934
| epoch   0 |   820/ 5493 batches | lr 0.00200 | ms/batch 628.55 | loss  1.38 | ppl     3.97 | bpc    1.988
| epoch   0 |   830/ 5493 batches | lr 0.00200 | ms/batch 628.93 | loss  1.40 | ppl     4.07 | bpc    2.024
| epoch   0 |   840/ 5493 batches | lr 0.00200 | ms/batch 614.95 | loss  1.40 | ppl     4.04 | bpc    2.013
| epoch   0 |   850/ 5493 batches | lr 0.00200 | ms/batch 570.79 | loss  1.36 | ppl     3.89 | bpc    1.959
| epoch   0 |   860/ 5493 batches | lr 0.00200 | ms/batch 598.33 | loss  1.35 | ppl     3.84 | bpc    1.941
| epoch   0 |   870/ 5493 batches | lr 0.00200 | ms/batch 602.83 | loss  1.29 | ppl     3.64 | bpc    1.864
| epoch   0 |   880/ 5493 batches | lr 0.00200 | ms/batch 592.44 | loss  1.36 | ppl     3.90 | bpc    1.964
| epoch   0 |   890/ 5493 batches | lr 0.00200 | ms/batch 648.91 | loss  1.39 | ppl     4.00 | bpc    1.998
| epoch   0 |   900/ 5493 batches | lr 0.00200 | ms/batch 646.98 | loss  1.35 | ppl     3.87 | bpc    1.954
| epoch   0 |   910/ 5493 batches | lr 0.00200 | ms/batch 636.33 | loss  1.34 | ppl     3.81 | bpc    1.928
| epoch   0 |   920/ 5493 batches | lr 0.00200 | ms/batch 621.16 | loss  1.35 | ppl     3.86 | bpc    1.949
| epoch   0 |   930/ 5493 batches | lr 0.00200 | ms/batch 609.47 | loss  1.34 | ppl     3.82 | bpc    1.932
| epoch   0 |   940/ 5493 batches | lr 0.00200 | ms/batch 607.54 | loss  1.35 | ppl     3.86 | bpc    1.949
| epoch   0 |   950/ 5493 batches | lr 0.00200 | ms/batch 629.95 | loss  1.30 | ppl     3.65 | bpc    1.869
| epoch   0 |   960/ 5493 batches | lr 0.00200 | ms/batch 639.43 | loss  1.36 | ppl     3.89 | bpc    1.961
| epoch   0 |   970/ 5493 batches | lr 0.00200 | ms/batch 617.18 | loss  1.40 | ppl     4.07 | bpc    2.025
| epoch   0 |   980/ 5493 batches | lr 0.00200 | ms/batch 592.36 | loss  1.35 | ppl     3.85 | bpc    1.946
| epoch   0 |   990/ 5493 batches | lr 0.00200 | ms/batch 594.01 | loss  1.37 | ppl     3.92 | bpc    1.972
| epoch   0 |  1000/ 5493 batches | lr 0.00200 | ms/batch 648.87 | loss  1.38 | ppl     3.96 | bpc    1.984
| epoch   0 |  1010/ 5493 batches | lr 0.00200 | ms/batch 641.20 | loss  1.32 | ppl     3.76 | bpc    1.911
| epoch   0 |  1020/ 5493 batches | lr 0.00200 | ms/batch 617.68 | loss  1.33 | ppl     3.77 | bpc    1.913
| epoch   0 |  1030/ 5493 batches | lr 0.00200 | ms/batch 622.92 | loss  1.30 | ppl     3.69 | bpc    1.882
| epoch   0 |  1040/ 5493 batches | lr 0.00200 | ms/batch 589.93 | loss  1.36 | ppl     3.88 | bpc    1.957
| epoch   0 |  1050/ 5493 batches | lr 0.00200 | ms/batch 574.01 | loss  1.40 | ppl     4.07 | bpc    2.027
| epoch   0 |  1060/ 5493 batches | lr 0.00200 | ms/batch 607.89 | loss  1.35 | ppl     3.87 | bpc    1.951
| epoch   0 |  1070/ 5493 batches | lr 0.00200 | ms/batch 643.43 | loss  1.25 | ppl     3.50 | bpc    1.808
| epoch   0 |  1080/ 5493 batches | lr 0.00200 | ms/batch 608.57 | loss  1.25 | ppl     3.51 | bpc    1.810
| epoch   0 |  1090/ 5493 batches | lr 0.00200 | ms/batch 624.15 | loss  1.29 | ppl     3.62 | bpc    1.855
| epoch   0 |  1100/ 5493 batches | lr 0.00200 | ms/batch 593.99 | loss  1.28 | ppl     3.59 | bpc    1.843
| epoch   0 |  1110/ 5493 batches | lr 0.00200 | ms/batch 630.65 | loss  1.28 | ppl     3.60 | bpc    1.848
| epoch   0 |  1120/ 5493 batches | lr 0.00200 | ms/batch 597.75 | loss  1.28 | ppl     3.61 | bpc    1.851
| epoch   0 |  1130/ 5493 batches | lr 0.00200 | ms/batch 606.54 | loss  1.29 | ppl     3.64 | bpc    1.862
| epoch   0 |  1140/ 5493 batches | lr 0.00200 | ms/batch 622.72 | loss  1.28 | ppl     3.61 | bpc    1.853
| epoch   0 |  1150/ 5493 batches | lr 0.00200 | ms/batch 597.56 | loss  1.29 | ppl     3.64 | bpc    1.863
| epoch   0 |  1160/ 5493 batches | lr 0.00200 | ms/batch 633.78 | loss  1.26 | ppl     3.52 | bpc    1.817
| epoch   0 |  1170/ 5493 batches | lr 0.00200 | ms/batch 596.55 | loss  1.23 | ppl     3.43 | bpc    1.778
| epoch   0 |  1180/ 5493 batches | lr 0.00200 | ms/batch 594.61 | loss  1.26 | ppl     3.51 | bpc    1.812
| epoch   0 |  1190/ 5493 batches | lr 0.00200 | ms/batch 594.23 | loss  1.29 | ppl     3.63 | bpc    1.859
| epoch   0 |  1200/ 5493 batches | lr 0.00200 | ms/batch 624.62 | loss  1.21 | ppl     3.36 | bpc    1.747
| epoch   0 |  1210/ 5493 batches | lr 0.00200 | ms/batch 637.96 | loss  1.24 | ppl     3.46 | bpc    1.789
| epoch   0 |  1220/ 5493 batches | lr 0.00200 | ms/batch 600.48 | loss  1.23 | ppl     3.43 | bpc    1.777
| epoch   0 |  1230/ 5493 batches | lr 0.00200 | ms/batch 529.22 | loss  1.23 | ppl     3.44 | bpc    1.781
| epoch   0 |  1240/ 5493 batches | lr 0.00200 | ms/batch 602.76 | loss  1.20 | ppl     3.31 | bpc    1.728
| epoch   0 |  1250/ 5493 batches | lr 0.00200 | ms/batch 669.69 | loss  1.26 | ppl     3.54 | bpc    1.825
| epoch   0 |  1260/ 5493 batches | lr 0.00200 | ms/batch 573.84 | loss  1.25 | ppl     3.48 | bpc    1.800
| epoch   0 |  1270/ 5493 batches | lr 0.00200 | ms/batch 592.78 | loss  1.23 | ppl     3.42 | bpc    1.775
| epoch   0 |  1280/ 5493 batches | lr 0.00200 | ms/batch 568.87 | loss  1.27 | ppl     3.57 | bpc    1.837
| epoch   0 |  1290/ 5493 batches | lr 0.00200 | ms/batch 594.77 | loss  1.23 | ppl     3.44 | bpc    1.781
| epoch   0 |  1300/ 5493 batches | lr 0.00200 | ms/batch 596.67 | loss  1.23 | ppl     3.44 | bpc    1.781
| epoch   0 |  1310/ 5493 batches | lr 0.00200 | ms/batch 594.11 | loss  1.20 | ppl     3.32 | bpc    1.733
| epoch   0 |  1320/ 5493 batches | lr 0.00200 | ms/batch 569.15 | loss  1.17 | ppl     3.23 | bpc    1.691
| epoch   0 |  1330/ 5493 batches | lr 0.00200 | ms/batch 635.76 | loss  1.19 | ppl     3.28 | bpc    1.713
| epoch   0 |  1340/ 5493 batches | lr 0.00200 | ms/batch 580.42 | loss  1.20 | ppl     3.31 | bpc    1.727
| epoch   0 |  1350/ 5493 batches | lr 0.00200 | ms/batch 585.29 | loss  1.17 | ppl     3.22 | bpc    1.686
| epoch   0 |  1360/ 5493 batches | lr 0.00200 | ms/batch 595.91 | loss  1.17 | ppl     3.22 | bpc    1.686
| epoch   0 |  1370/ 5493 batches | lr 0.00200 | ms/batch 595.83 | loss  1.22 | ppl     3.38 | bpc    1.756
| epoch   0 |  1380/ 5493 batches | lr 0.00200 | ms/batch 545.75 | loss  1.18 | ppl     3.25 | bpc    1.700
| epoch   0 |  1390/ 5493 batches | lr 0.00200 | ms/batch 593.04 | loss  1.19 | ppl     3.30 | bpc    1.724
| epoch   0 |  1400/ 5493 batches | lr 0.00200 | ms/batch 543.91 | loss  1.14 | ppl     3.14 | bpc    1.649
| epoch   0 |  1410/ 5493 batches | lr 0.00200 | ms/batch 572.30 | loss  1.14 | ppl     3.13 | bpc    1.647
| epoch   0 |  1420/ 5493 batches | lr 0.00200 | ms/batch 625.37 | loss  1.20 | ppl     3.31 | bpc    1.725
| epoch   0 |  1430/ 5493 batches | lr 0.00200 | ms/batch 638.79 | loss  1.13 | ppl     3.08 | bpc    1.625
| epoch   0 |  1440/ 5493 batches | lr 0.00200 | ms/batch 567.28 | loss  1.20 | ppl     3.31 | bpc    1.727
| epoch   0 |  1450/ 5493 batches | lr 0.00200 | ms/batch 566.77 | loss  1.16 | ppl     3.18 | bpc    1.667
| epoch   0 |  1460/ 5493 batches | lr 0.00200 | ms/batch 542.35 | loss  1.11 | ppl     3.04 | bpc    1.606
| epoch   0 |  1470/ 5493 batches | lr 0.00200 | ms/batch 638.76 | loss  1.11 | ppl     3.03 | bpc    1.597
| epoch   0 |  1480/ 5493 batches | lr 0.00200 | ms/batch 568.65 | loss  1.11 | ppl     3.03 | bpc    1.599
| epoch   0 |  1490/ 5493 batches | lr 0.00200 | ms/batch 598.02 | loss  1.13 | ppl     3.10 | bpc    1.634
| epoch   0 |  1500/ 5493 batches | lr 0.00200 | ms/batch 621.84 | loss  1.16 | ppl     3.20 | bpc    1.679
| epoch   0 |  1510/ 5493 batches | lr 0.00200 | ms/batch 571.05 | loss  1.17 | ppl     3.24 | bpc    1.694
| epoch   0 |  1520/ 5493 batches | lr 0.00200 | ms/batch 620.68 | loss  1.16 | ppl     3.18 | bpc    1.669
| epoch   0 |  1530/ 5493 batches | lr 0.00200 | ms/batch 630.14 | loss  1.17 | ppl     3.24 | bpc    1.695
| epoch   0 |  1540/ 5493 batches | lr 0.00200 | ms/batch 643.60 | loss  1.12 | ppl     3.07 | bpc    1.620
| epoch   0 |  1550/ 5493 batches | lr 0.00200 | ms/batch 615.76 | loss  1.14 | ppl     3.14 | bpc    1.649
| epoch   0 |  1560/ 5493 batches | lr 0.00200 | ms/batch 581.23 | loss  1.11 | ppl     3.05 | bpc    1.608
| epoch   0 |  1570/ 5493 batches | lr 0.00200 | ms/batch 583.08 | loss  1.06 | ppl     2.90 | bpc    1.535
| epoch   0 |  1580/ 5493 batches | lr 0.00200 | ms/batch 626.80 | loss  1.12 | ppl     3.07 | bpc    1.619
| epoch   0 |  1590/ 5493 batches | lr 0.00200 | ms/batch 621.07 | loss  1.14 | ppl     3.13 | bpc    1.648
| epoch   0 |  1600/ 5493 batches | lr 0.00200 | ms/batch 606.03 | loss  1.17 | ppl     3.23 | bpc    1.690
| epoch   0 |  1610/ 5493 batches | lr 0.00200 | ms/batch 629.68 | loss  1.20 | ppl     3.33 | bpc    1.737
| epoch   0 |  1620/ 5493 batches | lr 0.00200 | ms/batch 583.27 | loss  1.15 | ppl     3.17 | bpc    1.666
| epoch   0 |  1630/ 5493 batches | lr 0.00200 | ms/batch 626.35 | loss  1.14 | ppl     3.13 | bpc    1.648
| epoch   0 |  1640/ 5493 batches | lr 0.00200 | ms/batch 617.22 | loss  1.18 | ppl     3.24 | bpc    1.698
| epoch   0 |  1650/ 5493 batches | lr 0.00200 | ms/batch 597.93 | loss  1.16 | ppl     3.20 | bpc    1.676
| epoch   0 |  1660/ 5493 batches | lr 0.00200 | ms/batch 590.68 | loss  1.13 | ppl     3.11 | bpc    1.637
| epoch   0 |  1670/ 5493 batches | lr 0.00200 | ms/batch 631.43 | loss  1.12 | ppl     3.06 | bpc    1.613
| epoch   0 |  1680/ 5493 batches | lr 0.00200 | ms/batch 639.06 | loss  1.13 | ppl     3.10 | bpc    1.631
| epoch   0 |  1690/ 5493 batches | lr 0.00200 | ms/batch 590.13 | loss  1.09 | ppl     2.96 | bpc    1.567
| epoch   0 |  1700/ 5493 batches | lr 0.00200 | ms/batch 567.82 | loss  1.08 | ppl     2.96 | bpc    1.563
| epoch   0 |  1710/ 5493 batches | lr 0.00200 | ms/batch 599.69 | loss  1.08 | ppl     2.94 | bpc    1.556
| epoch   0 |  1720/ 5493 batches | lr 0.00200 | ms/batch 655.63 | loss  1.07 | ppl     2.93 | bpc    1.549
| epoch   0 |  1730/ 5493 batches | lr 0.00200 | ms/batch 605.51 | loss  1.11 | ppl     3.03 | bpc    1.598
| epoch   0 |  1740/ 5493 batches | lr 0.00200 | ms/batch 614.47 | loss  1.10 | ppl     3.02 | bpc    1.594
| epoch   0 |  1750/ 5493 batches | lr 0.00200 | ms/batch 620.10 | loss  1.11 | ppl     3.03 | bpc    1.599
| epoch   0 |  1760/ 5493 batches | lr 0.00200 | ms/batch 614.64 | loss  1.13 | ppl     3.09 | bpc    1.627
| epoch   0 |  1770/ 5493 batches | lr 0.00200 | ms/batch 652.74 | loss  1.05 | ppl     2.86 | bpc    1.516
| epoch   0 |  1780/ 5493 batches | lr 0.00200 | ms/batch 612.85 | loss  1.12 | ppl     3.07 | bpc    1.618
| epoch   0 |  1790/ 5493 batches | lr 0.00200 | ms/batch 602.92 | loss  1.10 | ppl     3.00 | bpc    1.585
| epoch   0 |  1800/ 5493 batches | lr 0.00200 | ms/batch 567.72 | loss  1.12 | ppl     3.06 | bpc    1.611
| epoch   0 |  1810/ 5493 batches | lr 0.00200 | ms/batch 576.11 | loss  1.08 | ppl     2.96 | bpc    1.565
| epoch   0 |  1820/ 5493 batches | lr 0.00200 | ms/batch 658.41 | loss  1.00 | ppl     2.72 | bpc    1.443
| epoch   0 |  1830/ 5493 batches | lr 0.00200 | ms/batch 666.80 | loss  1.08 | ppl     2.95 | bpc    1.563
| epoch   0 |  1840/ 5493 batches | lr 0.00200 | ms/batch 577.52 | loss  1.05 | ppl     2.85 | bpc    1.513
| epoch   0 |  1850/ 5493 batches | lr 0.00200 | ms/batch 630.93 | loss  1.04 | ppl     2.84 | bpc    1.506
| epoch   0 |  1860/ 5493 batches | lr 0.00200 | ms/batch 657.66 | loss  1.12 | ppl     3.06 | bpc    1.614
| epoch   0 |  1870/ 5493 batches | lr 0.00200 | ms/batch 631.96 | loss  1.12 | ppl     3.07 | bpc    1.616
| epoch   0 |  1880/ 5493 batches | lr 0.00200 | ms/batch 641.07 | loss  1.12 | ppl     3.08 | bpc    1.623
| epoch   0 |  1890/ 5493 batches | lr 0.00200 | ms/batch 591.70 | loss  1.12 | ppl     3.08 | bpc    1.622
| epoch   0 |  1900/ 5493 batches | lr 0.00200 | ms/batch 584.42 | loss  1.10 | ppl     3.01 | bpc    1.587
| epoch   0 |  1910/ 5493 batches | lr 0.00200 | ms/batch 628.55 | loss  1.08 | ppl     2.96 | bpc    1.565
| epoch   0 |  1920/ 5493 batches | lr 0.00200 | ms/batch 608.44 | loss  1.13 | ppl     3.10 | bpc    1.630
| epoch   0 |  1930/ 5493 batches | lr 0.00200 | ms/batch 620.21 | loss  1.08 | ppl     2.94 | bpc    1.554
| epoch   0 |  1940/ 5493 batches | lr 0.00200 | ms/batch 573.84 | loss  1.10 | ppl     3.00 | bpc    1.585
| epoch   0 |  1950/ 5493 batches | lr 0.00200 | ms/batch 637.08 | loss  1.10 | ppl     3.01 | bpc    1.591
| epoch   0 |  1960/ 5493 batches | lr 0.00200 | ms/batch 633.00 | loss  1.11 | ppl     3.02 | bpc    1.596
| epoch   0 |  1970/ 5493 batches | lr 0.00200 | ms/batch 594.49 | loss  1.05 | ppl     2.87 | bpc    1.519
| epoch   0 |  1980/ 5493 batches | lr 0.00200 | ms/batch 616.55 | loss  1.07 | ppl     2.92 | bpc    1.547
| epoch   0 |  1990/ 5493 batches | lr 0.00200 | ms/batch 606.08 | loss  1.05 | ppl     2.85 | bpc    1.511
| epoch   0 |  2000/ 5493 batches | lr 0.00200 | ms/batch 622.84 | loss  1.09 | ppl     2.96 | bpc    1.566
| epoch   0 |  2010/ 5493 batches | lr 0.00200 | ms/batch 632.66 | loss  1.04 | ppl     2.82 | bpc    1.494
| epoch   0 |  2020/ 5493 batches | lr 0.00200 | ms/batch 587.98 | loss  1.02 | ppl     2.77 | bpc    1.471
| epoch   0 |  2030/ 5493 batches | lr 0.00200 | ms/batch 672.30 | loss  1.07 | ppl     2.91 | bpc    1.540
| epoch   0 |  2040/ 5493 batches | lr 0.00200 | ms/batch 668.58 | loss  1.05 | ppl     2.85 | bpc    1.513
| epoch   0 |  2050/ 5493 batches | lr 0.00200 | ms/batch 672.06 | loss  1.03 | ppl     2.79 | bpc    1.481
| epoch   0 |  2060/ 5493 batches | lr 0.00200 | ms/batch 586.24 | loss  1.04 | ppl     2.83 | bpc    1.500
| epoch   0 |  2070/ 5493 batches | lr 0.00200 | ms/batch 602.04 | loss  1.07 | ppl     2.92 | bpc    1.544
| epoch   0 |  2080/ 5493 batches | lr 0.00200 | ms/batch 611.92 | loss  1.07 | ppl     2.92 | bpc    1.544
| epoch   0 |  2090/ 5493 batches | lr 0.00200 | ms/batch 657.44 | loss  1.08 | ppl     2.94 | bpc    1.557
| epoch   0 |  2100/ 5493 batches | lr 0.00200 | ms/batch 601.24 | loss  1.07 | ppl     2.91 | bpc    1.543
| epoch   0 |  2110/ 5493 batches | lr 0.00200 | ms/batch 580.23 | loss  1.04 | ppl     2.82 | bpc    1.495
| epoch   0 |  2120/ 5493 batches | lr 0.00200 | ms/batch 581.65 | loss  1.03 | ppl     2.81 | bpc    1.490
| epoch   0 |  2130/ 5493 batches | lr 0.00200 | ms/batch 604.85 | loss  1.06 | ppl     2.89 | bpc    1.532
| epoch   0 |  2140/ 5493 batches | lr 0.00200 | ms/batch 610.80 | loss  1.04 | ppl     2.83 | bpc    1.499
| epoch   0 |  2150/ 5493 batches | lr 0.00200 | ms/batch 649.42 | loss  1.09 | ppl     2.97 | bpc    1.573
| epoch   0 |  2160/ 5493 batches | lr 0.00200 | ms/batch 665.84 | loss  1.11 | ppl     3.03 | bpc    1.601
| epoch   0 |  2170/ 5493 batches | lr 0.00200 | ms/batch 665.14 | loss  1.05 | ppl     2.85 | bpc    1.510
| epoch   0 |  2180/ 5493 batches | lr 0.00200 | ms/batch 643.42 | loss  1.06 | ppl     2.88 | bpc    1.525
| epoch   0 |  2190/ 5493 batches | lr 0.00200 | ms/batch 632.70 | loss  1.09 | ppl     2.98 | bpc    1.576
| epoch   0 |  2200/ 5493 batches | lr 0.00200 | ms/batch 591.28 | loss  1.02 | ppl     2.78 | bpc    1.476
| epoch   0 |  2210/ 5493 batches | lr 0.00200 | ms/batch 602.13 | loss  1.05 | ppl     2.85 | bpc    1.511
| epoch   0 |  2220/ 5493 batches | lr 0.00200 | ms/batch 592.92 | loss  1.06 | ppl     2.89 | bpc    1.531
| epoch   0 |  2230/ 5493 batches | lr 0.00200 | ms/batch 563.17 | loss  1.05 | ppl     2.87 | bpc    1.521
| epoch   0 |  2240/ 5493 batches | lr 0.00200 | ms/batch 591.03 | loss  1.09 | ppl     2.97 | bpc    1.571
| epoch   0 |  2250/ 5493 batches | lr 0.00200 | ms/batch 594.83 | loss  1.09 | ppl     2.96 | bpc    1.566
| epoch   0 |  2260/ 5493 batches | lr 0.00200 | ms/batch 573.46 | loss  1.08 | ppl     2.94 | bpc    1.554
| epoch   0 |  2270/ 5493 batches | lr 0.00200 | ms/batch 564.94 | loss  1.07 | ppl     2.93 | bpc    1.549
| epoch   0 |  2280/ 5493 batches | lr 0.00200 | ms/batch 578.51 | loss  1.05 | ppl     2.87 | bpc    1.521
| epoch   0 |  2290/ 5493 batches | lr 0.00200 | ms/batch 605.84 | loss  1.04 | ppl     2.83 | bpc    1.502
| epoch   0 |  2300/ 5493 batches | lr 0.00200 | ms/batch 608.28 | loss  1.13 | ppl     3.11 | bpc    1.636
| epoch   0 |  2310/ 5493 batches | lr 0.00200 | ms/batch 590.66 | loss  1.12 | ppl     3.07 | bpc    1.617
| epoch   0 |  2320/ 5493 batches | lr 0.00200 | ms/batch 644.59 | loss  1.11 | ppl     3.05 | bpc    1.608
| epoch   0 |  2330/ 5493 batches | lr 0.00200 | ms/batch 638.53 | loss  1.09 | ppl     2.96 | bpc    1.566
| epoch   0 |  2340/ 5493 batches | lr 0.00200 | ms/batch 646.61 | loss  1.07 | ppl     2.93 | bpc    1.549
| epoch   0 |  2350/ 5493 batches | lr 0.00200 | ms/batch 642.85 | loss  1.10 | ppl     3.00 | bpc    1.584
| epoch   0 |  2360/ 5493 batches | lr 0.00200 | ms/batch 611.14 | loss  1.07 | ppl     2.90 | bpc    1.537
| epoch   0 |  2370/ 5493 batches | lr 0.00200 | ms/batch 554.97 | loss  1.03 | ppl     2.80 | bpc    1.483
| epoch   0 |  2380/ 5493 batches | lr 0.00200 | ms/batch 563.62 | loss  1.08 | ppl     2.93 | bpc    1.551
| epoch   0 |  2390/ 5493 batches | lr 0.00200 | ms/batch 565.93 | loss  1.05 | ppl     2.86 | bpc    1.514
| epoch   0 |  2400/ 5493 batches | lr 0.00200 | ms/batch 592.83 | loss  1.05 | ppl     2.86 | bpc    1.517
| epoch   0 |  2410/ 5493 batches | lr 0.00200 | ms/batch 568.00 | loss  1.02 | ppl     2.76 | bpc    1.465
| epoch   0 |  2420/ 5493 batches | lr 0.00200 | ms/batch 571.09 | loss  1.07 | ppl     2.92 | bpc    1.544
| epoch   0 |  2430/ 5493 batches | lr 0.00200 | ms/batch 621.52 | loss  1.00 | ppl     2.73 | bpc    1.447
| epoch   0 |  2440/ 5493 batches | lr 0.00200 | ms/batch 638.33 | loss  0.99 | ppl     2.69 | bpc    1.430
| epoch   0 |  2450/ 5493 batches | lr 0.00200 | ms/batch 625.82 | loss  1.04 | ppl     2.82 | bpc    1.498
| epoch   0 |  2460/ 5493 batches | lr 0.00200 | ms/batch 639.58 | loss  1.03 | ppl     2.81 | bpc    1.488
| epoch   0 |  2470/ 5493 batches | lr 0.00200 | ms/batch 639.80 | loss  1.04 | ppl     2.83 | bpc    1.502
| epoch   0 |  2480/ 5493 batches | lr 0.00200 | ms/batch 513.08 | loss  1.03 | ppl     2.79 | bpc    1.480
| epoch   0 |  2490/ 5493 batches | lr 0.00200 | ms/batch 582.98 | loss  1.06 | ppl     2.89 | bpc    1.530
| epoch   0 |  2500/ 5493 batches | lr 0.00200 | ms/batch 568.93 | loss  1.01 | ppl     2.75 | bpc    1.462
| epoch   0 |  2510/ 5493 batches | lr 0.00200 | ms/batch 588.57 | loss  1.00 | ppl     2.71 | bpc    1.440
| epoch   0 |  2520/ 5493 batches | lr 0.00200 | ms/batch 592.21 | loss  1.00 | ppl     2.71 | bpc    1.438
| epoch   0 |  2530/ 5493 batches | lr 0.00200 | ms/batch 568.07 | loss  0.99 | ppl     2.69 | bpc    1.427
| epoch   0 |  2540/ 5493 batches | lr 0.00200 | ms/batch 572.16 | loss  1.01 | ppl     2.75 | bpc    1.458
| epoch   0 |  2550/ 5493 batches | lr 0.00200 | ms/batch 611.85 | loss  1.03 | ppl     2.79 | bpc    1.480
| epoch   0 |  2560/ 5493 batches | lr 0.00200 | ms/batch 569.75 | loss  1.06 | ppl     2.88 | bpc    1.526
| epoch   0 |  2570/ 5493 batches | lr 0.00200 | ms/batch 597.10 | loss  1.03 | ppl     2.81 | bpc    1.491
| epoch   0 |  2580/ 5493 batches | lr 0.00200 | ms/batch 614.79 | loss  1.08 | ppl     2.95 | bpc    1.560
| epoch   0 |  2590/ 5493 batches | lr 0.00200 | ms/batch 640.97 | loss  1.03 | ppl     2.79 | bpc    1.480
| epoch   0 |  2600/ 5493 batches | lr 0.00200 | ms/batch 635.67 | loss  1.03 | ppl     2.80 | bpc    1.483
| epoch   0 |  2610/ 5493 batches | lr 0.00200 | ms/batch 628.40 | loss  1.01 | ppl     2.75 | bpc    1.462
| epoch   0 |  2620/ 5493 batches | lr 0.00200 | ms/batch 610.76 | loss  1.02 | ppl     2.77 | bpc    1.467
| epoch   0 |  2630/ 5493 batches | lr 0.00200 | ms/batch 601.91 | loss  1.05 | ppl     2.84 | bpc    1.508
| epoch   0 |  2640/ 5493 batches | lr 0.00200 | ms/batch 626.10 | loss  1.03 | ppl     2.80 | bpc    1.486
| epoch   0 |  2650/ 5493 batches | lr 0.00200 | ms/batch 577.58 | loss  1.02 | ppl     2.77 | bpc    1.468
| epoch   0 |  2660/ 5493 batches | lr 0.00200 | ms/batch 596.15 | loss  1.03 | ppl     2.80 | bpc    1.487
| epoch   0 |  2670/ 5493 batches | lr 0.00200 | ms/batch 638.86 | loss  1.05 | ppl     2.85 | bpc    1.511
| epoch   0 |  2680/ 5493 batches | lr 0.00200 | ms/batch 570.62 | loss  1.06 | ppl     2.87 | bpc    1.522
| epoch   0 |  2690/ 5493 batches | lr 0.00200 | ms/batch 637.90 | loss  1.05 | ppl     2.86 | bpc    1.514
| epoch   0 |  2700/ 5493 batches | lr 0.00200 | ms/batch 623.73 | loss  1.03 | ppl     2.80 | bpc    1.484
| epoch   0 |  2710/ 5493 batches | lr 0.00200 | ms/batch 638.51 | loss  1.03 | ppl     2.80 | bpc    1.484
| epoch   0 |  2720/ 5493 batches | lr 0.00200 | ms/batch 610.13 | loss  1.03 | ppl     2.80 | bpc    1.488
| epoch   0 |  2730/ 5493 batches | lr 0.00200 | ms/batch 568.72 | loss  0.99 | ppl     2.68 | bpc    1.422
| epoch   0 |  2740/ 5493 batches | lr 0.00200 | ms/batch 589.06 | loss  1.04 | ppl     2.82 | bpc    1.496
| epoch   0 |  2750/ 5493 batches | lr 0.00200 | ms/batch 622.72 | loss  1.06 | ppl     2.88 | bpc    1.524
| epoch   0 |  2760/ 5493 batches | lr 0.00200 | ms/batch 666.02 | loss  1.02 | ppl     2.78 | bpc    1.475
| epoch   0 |  2770/ 5493 batches | lr 0.00200 | ms/batch 537.62 | loss  1.02 | ppl     2.77 | bpc    1.469
| epoch   0 |  2780/ 5493 batches | lr 0.00200 | ms/batch 588.33 | loss  1.00 | ppl     2.71 | bpc    1.436
| epoch   0 |  2790/ 5493 batches | lr 0.00200 | ms/batch 639.04 | loss  1.09 | ppl     2.98 | bpc    1.577
| epoch   0 |  2800/ 5493 batches | lr 0.00200 | ms/batch 591.49 | loss  1.06 | ppl     2.90 | bpc    1.536
| epoch   0 |  2810/ 5493 batches | lr 0.00200 | ms/batch 617.02 | loss  1.07 | ppl     2.90 | bpc    1.537
| epoch   0 |  2820/ 5493 batches | lr 0.00200 | ms/batch 564.10 | loss  1.05 | ppl     2.85 | bpc    1.512
| epoch   0 |  2830/ 5493 batches | lr 0.00200 | ms/batch 568.62 | loss  1.05 | ppl     2.86 | bpc    1.515
| epoch   0 |  2840/ 5493 batches | lr 0.00200 | ms/batch 596.93 | loss  1.03 | ppl     2.80 | bpc    1.486
| epoch   0 |  2850/ 5493 batches | lr 0.00200 | ms/batch 580.93 | loss  1.07 | ppl     2.91 | bpc    1.543
| epoch   0 |  2860/ 5493 batches | lr 0.00200 | ms/batch 666.84 | loss  1.02 | ppl     2.77 | bpc    1.468
| epoch   0 |  2870/ 5493 batches | lr 0.00200 | ms/batch 594.33 | loss  0.98 | ppl     2.67 | bpc    1.417
| epoch   0 |  2880/ 5493 batches | lr 0.00200 | ms/batch 623.24 | loss  1.05 | ppl     2.86 | bpc    1.517
| epoch   0 |  2890/ 5493 batches | lr 0.00200 | ms/batch 638.88 | loss  1.00 | ppl     2.73 | bpc    1.448
| epoch   0 |  2900/ 5493 batches | lr 0.00200 | ms/batch 601.95 | loss  1.02 | ppl     2.77 | bpc    1.472
| epoch   0 |  2910/ 5493 batches | lr 0.00200 | ms/batch 650.05 | loss  1.02 | ppl     2.79 | bpc    1.478
| epoch   0 |  2920/ 5493 batches | lr 0.00200 | ms/batch 608.10 | loss  1.05 | ppl     2.86 | bpc    1.514
| epoch   0 |  2930/ 5493 batches | lr 0.00200 | ms/batch 633.03 | loss  1.04 | ppl     2.83 | bpc    1.503
| epoch   0 |  2940/ 5493 batches | lr 0.00200 | ms/batch 575.37 | loss  1.05 | ppl     2.85 | bpc    1.513
| epoch   0 |  2950/ 5493 batches | lr 0.00200 | ms/batch 638.17 | loss  1.02 | ppl     2.77 | bpc    1.468
| epoch   0 |  2960/ 5493 batches | lr 0.00200 | ms/batch 623.44 | loss  1.05 | ppl     2.86 | bpc    1.514
| epoch   0 |  2970/ 5493 batches | lr 0.00200 | ms/batch 646.49 | loss  1.01 | ppl     2.75 | bpc    1.457
| epoch   0 |  2980/ 5493 batches | lr 0.00200 | ms/batch 616.82 | loss  0.99 | ppl     2.69 | bpc    1.430
| epoch   0 |  2990/ 5493 batches | lr 0.00200 | ms/batch 634.06 | loss  1.01 | ppl     2.76 | bpc    1.464
| epoch   0 |  3000/ 5493 batches | lr 0.00200 | ms/batch 581.45 | loss  0.98 | ppl     2.67 | bpc    1.417
| epoch   0 |  3010/ 5493 batches | lr 0.00200 | ms/batch 605.38 | loss  1.01 | ppl     2.74 | bpc    1.454
| epoch   0 |  3020/ 5493 batches | lr 0.00200 | ms/batch 585.82 | loss  1.05 | ppl     2.86 | bpc    1.518
| epoch   0 |  3030/ 5493 batches | lr 0.00200 | ms/batch 590.00 | loss  1.05 | ppl     2.87 | bpc    1.521
| epoch   0 |  3040/ 5493 batches | lr 0.00200 | ms/batch 574.04 | loss  1.01 | ppl     2.75 | bpc    1.461
| epoch   0 |  3050/ 5493 batches | lr 0.00200 | ms/batch 643.96 | loss  1.00 | ppl     2.72 | bpc    1.446
| epoch   0 |  3060/ 5493 batches | lr 0.00200 | ms/batch 595.69 | loss  1.04 | ppl     2.83 | bpc    1.499
| epoch   0 |  3070/ 5493 batches | lr 0.00200 | ms/batch 620.41 | loss  1.04 | ppl     2.83 | bpc    1.503
| epoch   0 |  3080/ 5493 batches | lr 0.00200 | ms/batch 596.36 | loss  1.05 | ppl     2.85 | bpc    1.512
| epoch   0 |  3090/ 5493 batches | lr 0.00200 | ms/batch 604.33 | loss  1.04 | ppl     2.83 | bpc    1.500
| epoch   0 |  3100/ 5493 batches | lr 0.00200 | ms/batch 632.65 | loss  1.01 | ppl     2.74 | bpc    1.452
| epoch   0 |  3110/ 5493 batches | lr 0.00200 | ms/batch 675.78 | loss  0.99 | ppl     2.70 | bpc    1.434
| epoch   0 |  3120/ 5493 batches | lr 0.00200 | ms/batch 631.38 | loss  1.00 | ppl     2.72 | bpc    1.446
| epoch   0 |  3130/ 5493 batches | lr 0.00200 | ms/batch 604.76 | loss  0.98 | ppl     2.67 | bpc    1.418
| epoch   0 |  3140/ 5493 batches | lr 0.00200 | ms/batch 619.44 | loss  1.00 | ppl     2.70 | bpc    1.436
| epoch   0 |  3150/ 5493 batches | lr 0.00200 | ms/batch 604.85 | loss  1.03 | ppl     2.79 | bpc    1.479
| epoch   0 |  3160/ 5493 batches | lr 0.00200 | ms/batch 554.80 | loss  1.06 | ppl     2.89 | bpc    1.533
| epoch   0 |  3170/ 5493 batches | lr 0.00200 | ms/batch 608.49 | loss  1.03 | ppl     2.79 | bpc    1.483
| epoch   0 |  3180/ 5493 batches | lr 0.00200 | ms/batch 598.31 | loss  1.03 | ppl     2.81 | bpc    1.492
| epoch   0 |  3190/ 5493 batches | lr 0.00200 | ms/batch 567.94 | loss  1.02 | ppl     2.78 | bpc    1.475
| epoch   0 |  3200/ 5493 batches | lr 0.00200 | ms/batch 589.58 | loss  1.05 | ppl     2.87 | bpc    1.521
| epoch   0 |  3210/ 5493 batches | lr 0.00200 | ms/batch 566.46 | loss  0.99 | ppl     2.70 | bpc    1.435
| epoch   0 |  3220/ 5493 batches | lr 0.00200 | ms/batch 595.05 | loss  1.03 | ppl     2.79 | bpc    1.482
| epoch   0 |  3230/ 5493 batches | lr 0.00200 | ms/batch 637.65 | loss  1.03 | ppl     2.79 | bpc    1.481
| epoch   0 |  3240/ 5493 batches | lr 0.00200 | ms/batch 612.13 | loss  1.02 | ppl     2.77 | bpc    1.470
| epoch   0 |  3250/ 5493 batches | lr 0.00200 | ms/batch 613.96 | loss  0.95 | ppl     2.59 | bpc    1.374
| epoch   0 |  3260/ 5493 batches | lr 0.00200 | ms/batch 596.26 | loss  1.02 | ppl     2.78 | bpc    1.473
| epoch   0 |  3270/ 5493 batches | lr 0.00200 | ms/batch 597.25 | loss  1.04 | ppl     2.82 | bpc    1.494
| epoch   0 |  3280/ 5493 batches | lr 0.00200 | ms/batch 543.46 | loss  1.03 | ppl     2.81 | bpc    1.490
| epoch   0 |  3290/ 5493 batches | lr 0.00200 | ms/batch 627.95 | loss  1.05 | ppl     2.86 | bpc    1.515
| epoch   0 |  3300/ 5493 batches | lr 0.00200 | ms/batch 567.74 | loss  1.05 | ppl     2.87 | bpc    1.521
| epoch   0 |  3310/ 5493 batches | lr 0.00200 | ms/batch 592.87 | loss  1.02 | ppl     2.79 | bpc    1.478
| epoch   0 |  3320/ 5493 batches | lr 0.00200 | ms/batch 569.41 | loss  0.99 | ppl     2.69 | bpc    1.430
| epoch   0 |  3330/ 5493 batches | lr 0.00200 | ms/batch 570.96 | loss  0.97 | ppl     2.65 | bpc    1.404
| epoch   0 |  3340/ 5493 batches | lr 0.00200 | ms/batch 632.49 | loss  1.01 | ppl     2.76 | bpc    1.463
| epoch   0 |  3350/ 5493 batches | lr 0.00200 | ms/batch 541.70 | loss  1.01 | ppl     2.74 | bpc    1.452
| epoch   0 |  3360/ 5493 batches | lr 0.00200 | ms/batch 538.70 | loss  1.06 | ppl     2.88 | bpc    1.525
| epoch   0 |  3370/ 5493 batches | lr 0.00200 | ms/batch 604.01 | loss  1.05 | ppl     2.86 | bpc    1.518
| epoch   0 |  3380/ 5493 batches | lr 0.00200 | ms/batch 619.63 | loss  1.03 | ppl     2.79 | bpc    1.480
| epoch   0 |  3390/ 5493 batches | lr 0.00200 | ms/batch 626.91 | loss  0.99 | ppl     2.70 | bpc    1.431
| epoch   0 |  3400/ 5493 batches | lr 0.00200 | ms/batch 607.40 | loss  0.99 | ppl     2.68 | bpc    1.421
| epoch   0 |  3410/ 5493 batches | lr 0.00200 | ms/batch 563.88 | loss  0.97 | ppl     2.64 | bpc    1.402
| epoch   0 |  3420/ 5493 batches | lr 0.00200 | ms/batch 617.40 | loss  0.99 | ppl     2.70 | bpc    1.433
| epoch   0 |  3430/ 5493 batches | lr 0.00200 | ms/batch 658.21 | loss  0.98 | ppl     2.65 | bpc    1.408
| epoch   0 |  3440/ 5493 batches | lr 0.00200 | ms/batch 653.60 | loss  1.00 | ppl     2.71 | bpc    1.440
| epoch   0 |  3450/ 5493 batches | lr 0.00200 | ms/batch 656.32 | loss  1.00 | ppl     2.71 | bpc    1.439
| epoch   0 |  3460/ 5493 batches | lr 0.00200 | ms/batch 621.97 | loss  0.99 | ppl     2.70 | bpc    1.432
| epoch   0 |  3470/ 5493 batches | lr 0.00200 | ms/batch 562.58 | loss  1.01 | ppl     2.75 | bpc    1.462
| epoch   0 |  3480/ 5493 batches | lr 0.00200 | ms/batch 591.93 | loss  0.99 | ppl     2.68 | bpc    1.422
| epoch   0 |  3490/ 5493 batches | lr 0.00200 | ms/batch 619.60 | loss  1.01 | ppl     2.75 | bpc    1.457
| epoch   0 |  3500/ 5493 batches | lr 0.00200 | ms/batch 645.88 | loss  0.99 | ppl     2.70 | bpc    1.430
| epoch   0 |  3510/ 5493 batches | lr 0.00200 | ms/batch 622.10 | loss  1.01 | ppl     2.74 | bpc    1.455
| epoch   0 |  3520/ 5493 batches | lr 0.00200 | ms/batch 618.35 | loss  1.01 | ppl     2.75 | bpc    1.459
| epoch   0 |  3530/ 5493 batches | lr 0.00200 | ms/batch 595.12 | loss  0.99 | ppl     2.69 | bpc    1.429
| epoch   0 |  3540/ 5493 batches | lr 0.00200 | ms/batch 569.37 | loss  0.99 | ppl     2.68 | bpc    1.424
| epoch   0 |  3550/ 5493 batches | lr 0.00200 | ms/batch 596.47 | loss  0.95 | ppl     2.57 | bpc    1.364
| epoch   0 |  3560/ 5493 batches | lr 0.00200 | ms/batch 567.04 | loss  0.97 | ppl     2.63 | bpc    1.394
| epoch   0 |  3570/ 5493 batches | lr 0.00200 | ms/batch 574.24 | loss  0.99 | ppl     2.70 | bpc    1.433
| epoch   0 |  3580/ 5493 batches | lr 0.00200 | ms/batch 594.28 | loss  0.94 | ppl     2.56 | bpc    1.355
| epoch   0 |  3590/ 5493 batches | lr 0.00200 | ms/batch 594.27 | loss  0.95 | ppl     2.59 | bpc    1.371
| epoch   0 |  3600/ 5493 batches | lr 0.00200 | ms/batch 594.76 | loss  0.96 | ppl     2.61 | bpc    1.383
| epoch   0 |  3610/ 5493 batches | lr 0.00200 | ms/batch 594.90 | loss  0.99 | ppl     2.70 | bpc    1.431
| epoch   0 |  3620/ 5493 batches | lr 0.00200 | ms/batch 605.21 | loss  0.99 | ppl     2.70 | bpc    1.433
| epoch   0 |  3630/ 5493 batches | lr 0.00200 | ms/batch 605.52 | loss  0.97 | ppl     2.63 | bpc    1.393
| epoch   0 |  3640/ 5493 batches | lr 0.00200 | ms/batch 537.43 | loss  1.07 | ppl     2.91 | bpc    1.541
| epoch   0 |  3650/ 5493 batches | lr 0.00200 | ms/batch 587.52 | loss  0.96 | ppl     2.61 | bpc    1.385
| epoch   0 |  3660/ 5493 batches | lr 0.00200 | ms/batch 567.07 | loss  0.99 | ppl     2.68 | bpc    1.422
| epoch   0 |  3670/ 5493 batches | lr 0.00200 | ms/batch 572.33 | loss  0.97 | ppl     2.64 | bpc    1.399
| epoch   0 |  3680/ 5493 batches | lr 0.00200 | ms/batch 635.66 | loss  0.94 | ppl     2.56 | bpc    1.355
| epoch   0 |  3690/ 5493 batches | lr 0.00200 | ms/batch 612.80 | loss  0.95 | ppl     2.59 | bpc    1.375
| epoch   0 |  3700/ 5493 batches | lr 0.00200 | ms/batch 597.22 | loss  1.01 | ppl     2.75 | bpc    1.460
| epoch   0 |  3710/ 5493 batches | lr 0.00200 | ms/batch 611.57 | loss  0.98 | ppl     2.68 | bpc    1.420
| epoch   0 |  3720/ 5493 batches | lr 0.00200 | ms/batch 595.96 | loss  1.02 | ppl     2.77 | bpc    1.472
| epoch   0 |  3730/ 5493 batches | lr 0.00200 | ms/batch 569.32 | loss  0.97 | ppl     2.64 | bpc    1.401
| epoch   0 |  3740/ 5493 batches | lr 0.00200 | ms/batch 568.29 | loss  1.00 | ppl     2.72 | bpc    1.446
| epoch   0 |  3750/ 5493 batches | lr 0.00200 | ms/batch 605.43 | loss  0.96 | ppl     2.61 | bpc    1.384
| epoch   0 |  3760/ 5493 batches | lr 0.00200 | ms/batch 617.18 | loss  0.94 | ppl     2.57 | bpc    1.361
| epoch   0 |  3770/ 5493 batches | lr 0.00200 | ms/batch 644.12 | loss  1.02 | ppl     2.77 | bpc    1.469
| epoch   0 |  3780/ 5493 batches | lr 0.00200 | ms/batch 590.13 | loss  1.01 | ppl     2.74 | bpc    1.453
| epoch   0 |  3790/ 5493 batches | lr 0.00200 | ms/batch 610.90 | loss  1.02 | ppl     2.76 | bpc    1.466
| epoch   0 |  3800/ 5493 batches | lr 0.00200 | ms/batch 596.06 | loss  1.00 | ppl     2.71 | bpc    1.437
| epoch   0 |  3810/ 5493 batches | lr 0.00200 | ms/batch 592.65 | loss  1.02 | ppl     2.77 | bpc    1.472
| epoch   0 |  3820/ 5493 batches | lr 0.00200 | ms/batch 607.02 | loss  0.96 | ppl     2.62 | bpc    1.389
| epoch   0 |  3830/ 5493 batches | lr 0.00200 | ms/batch 597.32 | loss  0.97 | ppl     2.65 | bpc    1.404
| epoch   0 |  3840/ 5493 batches | lr 0.00200 | ms/batch 614.65 | loss  1.00 | ppl     2.71 | bpc    1.436
| epoch   0 |  3850/ 5493 batches | lr 0.00200 | ms/batch 604.90 | loss  1.01 | ppl     2.75 | bpc    1.460
| epoch   0 |  3860/ 5493 batches | lr 0.00200 | ms/batch 649.72 | loss  0.94 | ppl     2.56 | bpc    1.355
| epoch   0 |  3870/ 5493 batches | lr 0.00200 | ms/batch 600.40 | loss  0.93 | ppl     2.54 | bpc    1.344
| epoch   0 |  3880/ 5493 batches | lr 0.00200 | ms/batch 614.21 | loss  0.96 | ppl     2.62 | bpc    1.391
| epoch   0 |  3890/ 5493 batches | lr 0.00200 | ms/batch 620.72 | loss  0.98 | ppl     2.67 | bpc    1.416
| epoch   0 |  3900/ 5493 batches | lr 0.00200 | ms/batch 640.67 | loss  1.00 | ppl     2.73 | bpc    1.450
| epoch   0 |  3910/ 5493 batches | lr 0.00200 | ms/batch 615.03 | loss  0.98 | ppl     2.66 | bpc    1.411
| epoch   0 |  3920/ 5493 batches | lr 0.00200 | ms/batch 566.95 | loss  0.98 | ppl     2.66 | bpc    1.410
| epoch   0 |  3930/ 5493 batches | lr 0.00200 | ms/batch 625.19 | loss  0.99 | ppl     2.70 | bpc    1.431
| epoch   0 |  3940/ 5493 batches | lr 0.00200 | ms/batch 630.94 | loss  0.97 | ppl     2.65 | bpc    1.405
| epoch   0 |  3950/ 5493 batches | lr 0.00200 | ms/batch 618.15 | loss  1.02 | ppl     2.76 | bpc    1.466
| epoch   0 |  3960/ 5493 batches | lr 0.00200 | ms/batch 602.88 | loss  0.99 | ppl     2.70 | bpc    1.433
| epoch   0 |  3970/ 5493 batches | lr 0.00200 | ms/batch 635.71 | loss  0.96 | ppl     2.61 | bpc    1.382
| epoch   0 |  3980/ 5493 batches | lr 0.00200 | ms/batch 616.03 | loss  0.94 | ppl     2.55 | bpc    1.353
| epoch   0 |  3990/ 5493 batches | lr 0.00200 | ms/batch 591.41 | loss  0.99 | ppl     2.68 | bpc    1.421
| epoch   0 |  4000/ 5493 batches | lr 0.00200 | ms/batch 611.68 | loss  1.00 | ppl     2.72 | bpc    1.443
| epoch   0 |  4010/ 5493 batches | lr 0.00200 | ms/batch 604.38 | loss  1.00 | ppl     2.72 | bpc    1.442
| epoch   0 |  4020/ 5493 batches | lr 0.00200 | ms/batch 597.38 | loss  0.97 | ppl     2.63 | bpc    1.398
| epoch   0 |  4030/ 5493 batches | lr 0.00200 | ms/batch 637.51 | loss  1.01 | ppl     2.74 | bpc    1.456
| epoch   0 |  4040/ 5493 batches | lr 0.00200 | ms/batch 618.56 | loss  1.02 | ppl     2.79 | bpc    1.478
| epoch   0 |  4050/ 5493 batches | lr 0.00200 | ms/batch 615.40 | loss  1.02 | ppl     2.78 | bpc    1.475
| epoch   0 |  4060/ 5493 batches | lr 0.00200 | ms/batch 618.14 | loss  1.01 | ppl     2.74 | bpc    1.453
| epoch   0 |  4070/ 5493 batches | lr 0.00200 | ms/batch 564.04 | loss  0.97 | ppl     2.63 | bpc    1.396
| epoch   0 |  4080/ 5493 batches | lr 0.00200 | ms/batch 595.96 | loss  0.98 | ppl     2.67 | bpc    1.419
| epoch   0 |  4090/ 5493 batches | lr 0.00200 | ms/batch 626.13 | loss  0.93 | ppl     2.54 | bpc    1.344
| epoch   0 |  4100/ 5493 batches | lr 0.00200 | ms/batch 604.83 | loss  0.96 | ppl     2.61 | bpc    1.385
| epoch   0 |  4110/ 5493 batches | lr 0.00200 | ms/batch 634.40 | loss  0.96 | ppl     2.61 | bpc    1.382
| epoch   0 |  4120/ 5493 batches | lr 0.00200 | ms/batch 607.21 | loss  0.89 | ppl     2.44 | bpc    1.287
| epoch   0 |  4130/ 5493 batches | lr 0.00200 | ms/batch 576.59 | loss  0.89 | ppl     2.44 | bpc    1.288
| epoch   0 |  4140/ 5493 batches | lr 0.00200 | ms/batch 627.31 | loss  0.92 | ppl     2.51 | bpc    1.328
| epoch   0 |  4150/ 5493 batches | lr 0.00200 | ms/batch 586.44 | loss  0.92 | ppl     2.51 | bpc    1.326
| epoch   0 |  4160/ 5493 batches | lr 0.00200 | ms/batch 597.81 | loss  0.98 | ppl     2.66 | bpc    1.413
| epoch   0 |  4170/ 5493 batches | lr 0.00200 | ms/batch 597.75 | loss  0.94 | ppl     2.56 | bpc    1.357
| epoch   0 |  4180/ 5493 batches | lr 0.00200 | ms/batch 604.08 | loss  0.97 | ppl     2.64 | bpc    1.402
| epoch   0 |  4190/ 5493 batches | lr 0.00200 | ms/batch 629.92 | loss  0.96 | ppl     2.61 | bpc    1.385
| epoch   0 |  4200/ 5493 batches | lr 0.00200 | ms/batch 629.90 | loss  0.98 | ppl     2.67 | bpc    1.414
| epoch   0 |  4210/ 5493 batches | lr 0.00200 | ms/batch 697.59 | loss  0.97 | ppl     2.64 | bpc    1.400
| epoch   0 |  4220/ 5493 batches | lr 0.00200 | ms/batch 603.42 | loss  0.98 | ppl     2.67 | bpc    1.417
| epoch   0 |  4230/ 5493 batches | lr 0.00200 | ms/batch 600.24 | loss  0.95 | ppl     2.58 | bpc    1.366
| epoch   0 |  4240/ 5493 batches | lr 0.00200 | ms/batch 602.32 | loss  0.95 | ppl     2.60 | bpc    1.377
| epoch   0 |  4250/ 5493 batches | lr 0.00200 | ms/batch 617.86 | loss  0.96 | ppl     2.60 | bpc    1.381
| epoch   0 |  4260/ 5493 batches | lr 0.00200 | ms/batch 638.38 | loss  0.97 | ppl     2.63 | bpc    1.395
| epoch   0 |  4270/ 5493 batches | lr 0.00200 | ms/batch 637.42 | loss  0.97 | ppl     2.65 | bpc    1.403
| epoch   0 |  4280/ 5493 batches | lr 0.00200 | ms/batch 585.18 | loss  0.97 | ppl     2.65 | bpc    1.405
| epoch   0 |  4290/ 5493 batches | lr 0.00200 | ms/batch 607.71 | loss  1.00 | ppl     2.73 | bpc    1.449
| epoch   0 |  4300/ 5493 batches | lr 0.00200 | ms/batch 618.76 | loss  0.97 | ppl     2.64 | bpc    1.402
| epoch   0 |  4310/ 5493 batches | lr 0.00200 | ms/batch 656.27 | loss  0.92 | ppl     2.52 | bpc    1.332
| epoch   0 |  4320/ 5493 batches | lr 0.00200 | ms/batch 620.80 | loss  0.96 | ppl     2.60 | bpc    1.378
| epoch   0 |  4330/ 5493 batches | lr 0.00200 | ms/batch 597.64 | loss  0.99 | ppl     2.70 | bpc    1.433
| epoch   0 |  4340/ 5493 batches | lr 0.00200 | ms/batch 565.75 | loss  0.91 | ppl     2.49 | bpc    1.317
| epoch   0 |  4350/ 5493 batches | lr 0.00200 | ms/batch 566.11 | loss  0.96 | ppl     2.60 | bpc    1.380
| epoch   0 |  4360/ 5493 batches | lr 0.00200 | ms/batch 573.46 | loss  0.94 | ppl     2.57 | bpc    1.361
| epoch   0 |  4370/ 5493 batches | lr 0.00200 | ms/batch 624.62 | loss  0.99 | ppl     2.69 | bpc    1.428
| epoch   0 |  4380/ 5493 batches | lr 0.00200 | ms/batch 656.73 | loss  0.99 | ppl     2.69 | bpc    1.427
| epoch   0 |  4390/ 5493 batches | lr 0.00200 | ms/batch 654.56 | loss  0.95 | ppl     2.59 | bpc    1.375
| epoch   0 |  4400/ 5493 batches | lr 0.00200 | ms/batch 646.43 | loss  0.94 | ppl     2.57 | bpc    1.363
| epoch   0 |  4410/ 5493 batches | lr 0.00200 | ms/batch 636.10 | loss  0.95 | ppl     2.59 | bpc    1.375
| epoch   0 |  4420/ 5493 batches | lr 0.00200 | ms/batch 642.43 | loss  0.94 | ppl     2.55 | bpc    1.349
| epoch   0 |  4430/ 5493 batches | lr 0.00200 | ms/batch 670.47 | loss  0.96 | ppl     2.61 | bpc    1.385
| epoch   0 |  4440/ 5493 batches | lr 0.00200 | ms/batch 639.57 | loss  0.95 | ppl     2.59 | bpc    1.373
| epoch   0 |  4450/ 5493 batches | lr 0.00200 | ms/batch 518.98 | loss  0.98 | ppl     2.66 | bpc    1.411
| epoch   0 |  4460/ 5493 batches | lr 0.00200 | ms/batch 580.99 | loss  1.00 | ppl     2.71 | bpc    1.436
| epoch   0 |  4470/ 5493 batches | lr 0.00200 | ms/batch 628.31 | loss  0.96 | ppl     2.60 | bpc    1.378
| epoch   0 |  4480/ 5493 batches | lr 0.00200 | ms/batch 637.84 | loss  0.98 | ppl     2.65 | bpc    1.408
| epoch   0 |  4490/ 5493 batches | lr 0.00200 | ms/batch 596.10 | loss  0.98 | ppl     2.66 | bpc    1.413
| epoch   0 |  4500/ 5493 batches | lr 0.00200 | ms/batch 612.37 | loss  0.98 | ppl     2.68 | bpc    1.420
| epoch   0 |  4510/ 5493 batches | lr 0.00200 | ms/batch 591.00 | loss  1.01 | ppl     2.74 | bpc    1.453
| epoch   0 |  4520/ 5493 batches | lr 0.00200 | ms/batch 595.64 | loss  1.00 | ppl     2.72 | bpc    1.441
| epoch   0 |  4530/ 5493 batches | lr 0.00200 | ms/batch 626.71 | loss  0.98 | ppl     2.67 | bpc    1.414
| epoch   0 |  4540/ 5493 batches | lr 0.00200 | ms/batch 650.05 | loss  1.00 | ppl     2.70 | bpc    1.436
| epoch   0 |  4550/ 5493 batches | lr 0.00200 | ms/batch 591.56 | loss  0.92 | ppl     2.50 | bpc    1.323
| epoch   0 |  4560/ 5493 batches | lr 0.00200 | ms/batch 624.25 | loss  0.94 | ppl     2.55 | bpc    1.351
| epoch   0 |  4570/ 5493 batches | lr 0.00200 | ms/batch 586.86 | loss  0.99 | ppl     2.68 | bpc    1.423
| epoch   0 |  4580/ 5493 batches | lr 0.00200 | ms/batch 643.33 | loss  0.98 | ppl     2.66 | bpc    1.409
| epoch   0 |  4590/ 5493 batches | lr 0.00200 | ms/batch 602.03 | loss  0.98 | ppl     2.66 | bpc    1.409
| epoch   0 |  4600/ 5493 batches | lr 0.00200 | ms/batch 623.37 | loss  0.99 | ppl     2.69 | bpc    1.428
| epoch   0 |  4610/ 5493 batches | lr 0.00200 | ms/batch 589.80 | loss  0.97 | ppl     2.63 | bpc    1.393
| epoch   0 |  4620/ 5493 batches | lr 0.00200 | ms/batch 633.94 | loss  0.97 | ppl     2.64 | bpc    1.401
| epoch   0 |  4630/ 5493 batches | lr 0.00200 | ms/batch 592.02 | loss  0.98 | ppl     2.67 | bpc    1.414
| epoch   0 |  4640/ 5493 batches | lr 0.00200 | ms/batch 614.18 | loss  1.01 | ppl     2.74 | bpc    1.454
| epoch   0 |  4650/ 5493 batches | lr 0.00200 | ms/batch 628.37 | loss  0.98 | ppl     2.66 | bpc    1.411
| epoch   0 |  4660/ 5493 batches | lr 0.00200 | ms/batch 638.24 | loss  1.00 | ppl     2.71 | bpc    1.437
| epoch   0 |  4670/ 5493 batches | lr 0.00200 | ms/batch 616.91 | loss  0.93 | ppl     2.54 | bpc    1.346
| epoch   0 |  4680/ 5493 batches | lr 0.00200 | ms/batch 585.10 | loss  0.97 | ppl     2.65 | bpc    1.406
| epoch   0 |  4690/ 5493 batches | lr 0.00200 | ms/batch 572.07 | loss  0.95 | ppl     2.60 | bpc    1.377
| epoch   0 |  4700/ 5493 batches | lr 0.00200 | ms/batch 596.97 | loss  0.97 | ppl     2.64 | bpc    1.399
| epoch   0 |  4710/ 5493 batches | lr 0.00200 | ms/batch 583.66 | loss  0.97 | ppl     2.64 | bpc    1.398
| epoch   0 |  4720/ 5493 batches | lr 0.00200 | ms/batch 562.24 | loss  0.94 | ppl     2.56 | bpc    1.354
| epoch   0 |  4730/ 5493 batches | lr 0.00200 | ms/batch 587.21 | loss  0.96 | ppl     2.62 | bpc    1.388
| epoch   0 |  4740/ 5493 batches | lr 0.00200 | ms/batch 579.34 | loss  0.97 | ppl     2.64 | bpc    1.400
| epoch   0 |  4750/ 5493 batches | lr 0.00200 | ms/batch 597.43 | loss  0.96 | ppl     2.60 | bpc    1.381
| epoch   0 |  4760/ 5493 batches | lr 0.00200 | ms/batch 575.31 | loss  0.98 | ppl     2.67 | bpc    1.416
| epoch   0 |  4770/ 5493 batches | lr 0.00200 | ms/batch 608.52 | loss  1.01 | ppl     2.75 | bpc    1.460
| epoch   0 |  4780/ 5493 batches | lr 0.00200 | ms/batch 621.04 | loss  0.99 | ppl     2.69 | bpc    1.430
| epoch   0 |  4790/ 5493 batches | lr 0.00200 | ms/batch 622.18 | loss  0.94 | ppl     2.57 | bpc    1.363
| epoch   0 |  4800/ 5493 batches | lr 0.00200 | ms/batch 566.65 | loss  0.97 | ppl     2.65 | bpc    1.406
| epoch   0 |  4810/ 5493 batches | lr 0.00200 | ms/batch 568.25 | loss  0.94 | ppl     2.57 | bpc    1.363
| epoch   0 |  4820/ 5493 batches | lr 0.00200 | ms/batch 628.40 | loss  0.96 | ppl     2.60 | bpc    1.380
| epoch   0 |  4830/ 5493 batches | lr 0.00200 | ms/batch 596.76 | loss  0.98 | ppl     2.66 | bpc    1.410
| epoch   0 |  4840/ 5493 batches | lr 0.00200 | ms/batch 600.31 | loss  0.96 | ppl     2.62 | bpc    1.388
| epoch   0 |  4850/ 5493 batches | lr 0.00200 | ms/batch 595.07 | loss  0.95 | ppl     2.59 | bpc    1.370
| epoch   0 |  4860/ 5493 batches | lr 0.00200 | ms/batch 570.58 | loss  0.97 | ppl     2.65 | bpc    1.404
| epoch   0 |  4870/ 5493 batches | lr 0.00200 | ms/batch 567.63 | loss  0.97 | ppl     2.63 | bpc    1.395
| epoch   0 |  4880/ 5493 batches | lr 0.00200 | ms/batch 632.79 | loss  0.94 | ppl     2.57 | bpc    1.362
| epoch   0 |  4890/ 5493 batches | lr 0.00200 | ms/batch 631.54 | loss  0.91 | ppl     2.48 | bpc    1.310
| epoch   0 |  4900/ 5493 batches | lr 0.00200 | ms/batch 630.27 | loss  0.87 | ppl     2.39 | bpc    1.255
| epoch   0 |  4910/ 5493 batches | lr 0.00200 | ms/batch 615.82 | loss  0.91 | ppl     2.49 | bpc    1.313
| epoch   0 |  4920/ 5493 batches | lr 0.00200 | ms/batch 602.36 | loss  0.86 | ppl     2.36 | bpc    1.236
| epoch   0 |  4930/ 5493 batches | lr 0.00200 | ms/batch 570.24 | loss  0.92 | ppl     2.51 | bpc    1.329
| epoch   0 |  4940/ 5493 batches | lr 0.00200 | ms/batch 580.91 | loss  0.94 | ppl     2.55 | bpc    1.351
| epoch   0 |  4950/ 5493 batches | lr 0.00200 | ms/batch 616.95 | loss  0.94 | ppl     2.55 | bpc    1.351
| epoch   0 |  4960/ 5493 batches | lr 0.00200 | ms/batch 582.46 | loss  0.96 | ppl     2.62 | bpc    1.388
| epoch   0 |  4970/ 5493 batches | lr 0.00200 | ms/batch 570.05 | loss  0.97 | ppl     2.65 | bpc    1.407
| epoch   0 |  4980/ 5493 batches | lr 0.00200 | ms/batch 614.89 | loss  0.96 | ppl     2.61 | bpc    1.382
| epoch   0 |  4990/ 5493 batches | lr 0.00200 | ms/batch 618.39 | loss  0.92 | ppl     2.52 | bpc    1.333
| epoch   0 |  5000/ 5493 batches | lr 0.00200 | ms/batch 650.07 | loss  0.91 | ppl     2.48 | bpc    1.309
| epoch   0 |  5010/ 5493 batches | lr 0.00200 | ms/batch 618.65 | loss  0.98 | ppl     2.66 | bpc    1.410
| epoch   0 |  5020/ 5493 batches | lr 0.00200 | ms/batch 632.72 | loss  0.94 | ppl     2.55 | bpc    1.349
| epoch   0 |  5030/ 5493 batches | lr 0.00200 | ms/batch 565.25 | loss  0.93 | ppl     2.54 | bpc    1.345
| epoch   0 |  5040/ 5493 batches | lr 0.00200 | ms/batch 603.67 | loss  0.94 | ppl     2.57 | bpc    1.360
| epoch   0 |  5050/ 5493 batches | lr 0.00200 | ms/batch 630.68 | loss  0.91 | ppl     2.48 | bpc    1.310
| epoch   0 |  5060/ 5493 batches | lr 0.00200 | ms/batch 619.88 | loss  0.95 | ppl     2.59 | bpc    1.375
| epoch   0 |  5070/ 5493 batches | lr 0.00200 | ms/batch 594.06 | loss  0.94 | ppl     2.56 | bpc    1.354
| epoch   0 |  5080/ 5493 batches | lr 0.00200 | ms/batch 543.31 | loss  0.93 | ppl     2.53 | bpc    1.340
| epoch   0 |  5090/ 5493 batches | lr 0.00200 | ms/batch 592.84 | loss  0.96 | ppl     2.61 | bpc    1.385
| epoch   0 |  5100/ 5493 batches | lr 0.00200 | ms/batch 580.09 | loss  0.99 | ppl     2.69 | bpc    1.426
| epoch   0 |  5110/ 5493 batches | lr 0.00200 | ms/batch 618.53 | loss  0.98 | ppl     2.65 | bpc    1.407
| epoch   0 |  5120/ 5493 batches | lr 0.00200 | ms/batch 631.93 | loss  0.96 | ppl     2.60 | bpc    1.379
| epoch   0 |  5130/ 5493 batches | lr 0.00200 | ms/batch 670.48 | loss  0.96 | ppl     2.62 | bpc    1.389
| epoch   0 |  5140/ 5493 batches | lr 0.00200 | ms/batch 599.28 | loss  0.94 | ppl     2.57 | bpc    1.363
| epoch   0 |  5150/ 5493 batches | lr 0.00200 | ms/batch 541.29 | loss  0.92 | ppl     2.52 | bpc    1.334
| epoch   0 |  5160/ 5493 batches | lr 0.00200 | ms/batch 517.98 | loss  0.95 | ppl     2.60 | bpc    1.377
| epoch   0 |  5170/ 5493 batches | lr 0.00200 | ms/batch 606.11 | loss  0.87 | ppl     2.39 | bpc    1.256
| epoch   0 |  5180/ 5493 batches | lr 0.00200 | ms/batch 621.27 | loss  0.88 | ppl     2.42 | bpc    1.277
| epoch   0 |  5190/ 5493 batches | lr 0.00200 | ms/batch 596.14 | loss  0.95 | ppl     2.59 | bpc    1.372
| epoch   0 |  5200/ 5493 batches | lr 0.00200 | ms/batch 590.79 | loss  0.99 | ppl     2.69 | bpc    1.427
| epoch   0 |  5210/ 5493 batches | lr 0.00200 | ms/batch 566.84 | loss  1.00 | ppl     2.73 | bpc    1.446
| epoch   0 |  5220/ 5493 batches | lr 0.00200 | ms/batch 592.77 | loss  0.96 | ppl     2.61 | bpc    1.386
| epoch   0 |  5230/ 5493 batches | lr 0.00200 | ms/batch 631.24 | loss  1.02 | ppl     2.78 | bpc    1.474
| epoch   0 |  5240/ 5493 batches | lr 0.00200 | ms/batch 589.45 | loss  1.01 | ppl     2.75 | bpc    1.458
| epoch   0 |  5250/ 5493 batches | lr 0.00200 | ms/batch 590.98 | loss  1.03 | ppl     2.79 | bpc    1.480
| epoch   0 |  5260/ 5493 batches | lr 0.00200 | ms/batch 593.47 | loss  1.01 | ppl     2.74 | bpc    1.455
| epoch   0 |  5270/ 5493 batches | lr 0.00200 | ms/batch 591.80 | loss  0.96 | ppl     2.62 | bpc    1.390
| epoch   0 |  5280/ 5493 batches | lr 0.00200 | ms/batch 594.71 | loss  0.96 | ppl     2.60 | bpc    1.380
| epoch   0 |  5290/ 5493 batches | lr 0.00200 | ms/batch 545.39 | loss  0.96 | ppl     2.61 | bpc    1.385
| epoch   0 |  5300/ 5493 batches | lr 0.00200 | ms/batch 626.27 | loss  0.96 | ppl     2.61 | bpc    1.384
| epoch   0 |  5310/ 5493 batches | lr 0.00200 | ms/batch 593.93 | loss  1.00 | ppl     2.72 | bpc    1.441
| epoch   0 |  5320/ 5493 batches | lr 0.00200 | ms/batch 635.74 | loss  0.94 | ppl     2.57 | bpc    1.360
| epoch   0 |  5330/ 5493 batches | lr 0.00200 | ms/batch 571.09 | loss  0.96 | ppl     2.62 | bpc    1.387
| epoch   0 |  5340/ 5493 batches | lr 0.00200 | ms/batch 565.87 | loss  0.93 | ppl     2.54 | bpc    1.346
| epoch   0 |  5350/ 5493 batches | lr 0.00200 | ms/batch 592.08 | loss  0.94 | ppl     2.55 | bpc    1.351
| epoch   0 |  5360/ 5493 batches | lr 0.00200 | ms/batch 623.46 | loss  0.94 | ppl     2.55 | bpc    1.350
| epoch   0 |  5370/ 5493 batches | lr 0.00200 | ms/batch 652.67 | loss  0.97 | ppl     2.65 | bpc    1.404
| epoch   0 |  5380/ 5493 batches | lr 0.00200 | ms/batch 590.72 | loss  0.99 | ppl     2.69 | bpc    1.428
| epoch   0 |  5390/ 5493 batches | lr 0.00200 | ms/batch 591.17 | loss  0.99 | ppl     2.69 | bpc    1.430
| epoch   0 |  5400/ 5493 batches | lr 0.00200 | ms/batch 594.84 | loss  0.97 | ppl     2.63 | bpc    1.396
| epoch   0 |  5410/ 5493 batches | lr 0.00200 | ms/batch 650.13 | loss  0.95 | ppl     2.59 | bpc    1.373
| epoch   0 |  5420/ 5493 batches | lr 0.00200 | ms/batch 590.80 | loss  0.92 | ppl     2.52 | bpc    1.333
| epoch   0 |  5430/ 5493 batches | lr 0.00200 | ms/batch 569.76 | loss  0.96 | ppl     2.60 | bpc    1.378
| epoch   0 |  5440/ 5493 batches | lr 0.00200 | ms/batch 569.12 | loss  0.98 | ppl     2.67 | bpc    1.417
| epoch   0 |  5450/ 5493 batches | lr 0.00200 | ms/batch 611.24 | loss  0.96 | ppl     2.60 | bpc    1.380
| epoch   0 |  5460/ 5493 batches | lr 0.00200 | ms/batch 564.61 | loss  0.95 | ppl     2.58 | bpc    1.365
| epoch   0 |  5470/ 5493 batches | lr 0.00200 | ms/batch 589.84 | loss  0.94 | ppl     2.55 | bpc    1.350
| epoch   0 |  5480/ 5493 batches | lr 0.00200 | ms/batch 591.43 | loss  0.96 | ppl     2.61 | bpc    1.386
| epoch   0 |  5490/ 5493 batches | lr 0.00200 | ms/batch 602.22 | loss  0.95 | ppl     2.59 | bpc    1.374
| epoch   0 |  5500/ 5493 batches | lr 0.00200 | ms/batch 626.09 | loss  0.93 | ppl     2.53 | bpc    1.337
| epoch   0 |  5510/ 5493 batches | lr 0.00200 | ms/batch 604.05 | loss  0.95 | ppl     2.59 | bpc    1.372
| epoch   0 |  5520/ 5493 batches | lr 0.00200 | ms/batch 592.84 | loss  0.97 | ppl     2.63 | bpc    1.395
| epoch   0 |  5530/ 5493 batches | lr 0.00200 | ms/batch 574.57 | loss  0.96 | ppl     2.62 | bpc    1.388
| epoch   0 |  5540/ 5493 batches | lr 0.00200 | ms/batch 667.58 | loss  0.96 | ppl     2.61 | bpc    1.383
| epoch   0 |  5550/ 5493 batches | lr 0.00200 | ms/batch 626.41 | loss  0.90 | ppl     2.47 | bpc    1.303
| epoch   0 |  5560/ 5493 batches | lr 0.00200 | ms/batch 594.19 | loss  0.95 | ppl     2.59 | bpc    1.372
| epoch   0 |  5570/ 5493 batches | lr 0.00200 | ms/batch 600.96 | loss  0.98 | ppl     2.67 | bpc    1.418
| epoch   0 |  5580/ 5493 batches | lr 0.00200 | ms/batch 598.78 | loss  0.97 | ppl     2.64 | bpc    1.400
| epoch   0 |  5590/ 5493 batches | lr 0.00200 | ms/batch 610.19 | loss  0.93 | ppl     2.54 | bpc    1.348
| epoch   0 |  5600/ 5493 batches | lr 0.00200 | ms/batch 597.38 | loss  0.96 | ppl     2.62 | bpc    1.388
| epoch   0 |  5610/ 5493 batches | lr 0.00200 | ms/batch 606.85 | loss  0.94 | ppl     2.57 | bpc    1.362
-----------------------------------------------------------------------------------------
Exiting from training early
Traceback (most recent call last):
  File "main.py", line 431, in <module>
    model_load(args.save)
  File "main.py", line 99, in model_load
    with open(fn, 'rb') as f:
FileNotFoundError: [Errno 2] No such file or directory: 'ENWIK8.pt'
